<?xml version="1.0" encoding="UTF-8"?>
<testng-results total="1" passed="1" failed="0" skipped="0">
  <reporter-output>
  </reporter-output>
  <suite started-at="2022-03-26T10:19:39Z" name="Surefire suite" finished-at="2022-03-26T10:19:39Z" duration-ms="68">
    <groups>
    </groups>
    <test started-at="2022-03-26T10:19:39Z" name="Surefire test" finished-at="2022-03-26T10:19:39Z" duration-ms="68">
      <class name="JavaSeleniumPractice.SeleniumSessions.AppTest">
        <test-method signature="shouldAnswerWithTrue()[pri:0, instance:shouldAnswerWithTrue(JavaSeleniumPractice.SeleniumSessions.AppTest)]" started-at="2022-03-26T15:49:39Z" name="shouldAnswerWithTrue" finished-at="2022-03-26T15:49:39Z" duration-ms="14" status="PASS">
          <reporter-output>
          </reporter-output>
        </test-method> <!-- shouldAnswerWithTrue -->
      </class> <!-- JavaSeleniumPractice.SeleniumSessions.AppTest -->
    </test> <!-- Surefire test -->
  </suite> <!-- Surefire suite -->
</testng-results>
