<?xml version="1.0" encoding="UTF-8"?>
<testng-results total="1" passed="1" failed="0" skipped="0">
  <reporter-output>
  </reporter-output>
  <suite started-at="2022-04-18T16:39:04Z" name="Default suite" finished-at="2022-04-18T16:39:05Z" duration-ms="851">
    <groups>
    </groups>
    <test started-at="2022-04-18T16:39:04Z" name="Default test" finished-at="2022-04-18T16:39:05Z" duration-ms="851">
      <class name="com.wordpress.Testcases.ReadingExcel">
        <test-method signature="readExcel()[pri:0, instance:com.wordpress.Testcases.ReadingExcel@518caac3]" started-at="2022-04-18T22:09:04Z" name="readExcel" finished-at="2022-04-18T22:09:05Z" duration-ms="835" status="PASS">
          <reporter-output>
          </reporter-output>
        </test-method> <!-- readExcel -->
      </class> <!-- com.wordpress.Testcases.ReadingExcel -->
    </test> <!-- Default test -->
  </suite> <!-- Default suite -->
</testng-results>
